#
# A fatal error has been detected by the Java Runtime Environment:
#
#  EXCEPTION_ACCESS_VIOLATION (0xc0000005) at pc=0x0000000064a926cc, pid=23720, tid=0x00000000000017a4
#
# JRE version: Java(TM) SE Runtime Environment (8.0_192-b12) (build 1.8.0_192-b12)
# Java VM: Java HotSpot(TM) 64-Bit Server VM (25.192-b12 mixed mode windows-amd64 compressed oops)
# Problematic frame:
# C  0x0000000064a926cc
#
# Failed to write core dump. Minidumps are not enabled by default on client versions of Windows
#
# If you would like to submit a bug report, please visit:
#   http://bugreport.java.com/bugreport/crash.jsp
# The crash happened outside the Java Virtual Machine in native code.
# See problematic frame for where to report the bug.
#

---------------  T H R E A D  ---------------

Current thread (0x000000002b937000):  JavaThread "Thread-155" [_thread_in_native, id=6052, stack(0x0000000051d30000,0x0000000051e30000)]

siginfo: ExceptionCode=0xc0000005, reading address 0x000000003cbf4168

Registers:
RAX=0x0000000000000000, RBX=0x000000003cbf4168, RCX=0x000000003cbf4168, RDX=0x0000000051e2f100
RSP=0x0000000051e2f090, RBP=0x0000000051e2f140, RSI=0x0000000000000000, RDI=0x0000000000000148
R8 =0x000000003cbf4168, R9 =0x0000000000000000, R10=0x0000000000000000, R11=0x0000000000000000
R12=0x0000000000000000, R13=0x0000000051e2f130, R14=0x0000000051e2f100, R15=0x000000002b937000
RIP=0x0000000064a926cc, EFLAGS=0x0000000000010202

Top of Stack: (sp=0x0000000051e2f090)
0x0000000051e2f090:   00000000039583fd 000000076d639b68
0x0000000051e2f0a0:   0000000000000148 0000000003d15849
0x0000000051e2f0b0:   000000002b937000 00000006c6310e40
0x0000000051e2f0c0:   0000000000000000 00000006c6310e40
0x0000000051e2f0d0:   0000000000000000 0000000003d156c3
0x0000000051e2f0e0:   0000000051e2f1b8 0000000003f500e4
0x0000000051e2f0f0:   0000000051e2f210 00000000047bd194
0x0000000051e2f100:   00000006c6310e40 00000000044c05ac
0x0000000051e2f110:   00000000000003ef 00000000000003eb
0x0000000051e2f120:   00000006c6467390 0000000600000000
0x0000000051e2f130:   0000000000000003 000000076cd0b000
0x0000000051e2f140:   0000000051e2f1b8 0000000003957e40
0x0000000051e2f150:   0000000051e2f1b8 0000000003957e40
0x0000000051e2f160:   000000003cbf4168 0000000003958180
0x0000000051e2f170:   00000006c6310e40 0000000051e2f178
0x0000000051e2f180:   00000000326ade37 0000000051e2f1c8 

Instructions: (pc=0x0000000064a926cc)
0x0000000064a926ac:   48 83 c4 20 5b 5e 5f e9 b8 4e fc ff 56 53 48 83
0x0000000064a926bc:   ec 38 31 c0 48 85 c9 48 89 cb 0f 84 84 00 00 00
0x0000000064a926cc:   48 8b 31 48 8b 4e 18 e8 59 12 fb ff 48 83 bb b8
0x0000000064a926dc:   00 00 00 00 7e 0b 48 89 da 48 89 f1 e8 5c 97 fb 


Register to memory mapping:

RAX=0x0000000000000000 is an unknown value
RBX=0x000000003cbf4168 is an unknown value
RCX=0x000000003cbf4168 is an unknown value
RDX=0x0000000051e2f100 is pointing into the stack for thread: 0x000000002b937000
RSP=0x0000000051e2f090 is pointing into the stack for thread: 0x000000002b937000
RBP=0x0000000051e2f140 is pointing into the stack for thread: 0x000000002b937000
RSI=0x0000000000000000 is an unknown value
RDI=0x0000000000000148 is an unknown value
R8 =0x000000003cbf4168 is an unknown value
R9 =0x0000000000000000 is an unknown value
R10=0x0000000000000000 is an unknown value
R11=0x0000000000000000 is an unknown value
R12=0x0000000000000000 is an unknown value
R13=0x0000000051e2f130 is pointing into the stack for thread: 0x000000002b937000
R14=0x0000000051e2f100 is pointing into the stack for thread: 0x000000002b937000
R15=0x000000002b937000 is a thread


Stack: [0x0000000051d30000,0x0000000051e30000],  sp=0x0000000051e2f090,  free space=1020k
Native frames: (J=compiled Java code, j=interpreted, Vv=VM code, C=native code)
C  0x0000000064a926cc
C  0x0000000003d156c3

Java frames: (J=compiled Java code, j=interpreted, Vv=VM code)
J 3824  org.sqlite.core.NativeDB.reset(J)I (0 bytes) @ 0x0000000003d1557b [0x0000000003d15540+0x3b]
j  org.sqlite.jdbc3.JDBC3PreparedStatement.executeUpdate()I+39
j  SuperSecureChat.Database.newContact(LSuperSecureChat/Contacts/Contact;)V+80
j  SuperSecureChat.Database.newMessage(LSuperSecureChat/Message;)V+5
j  SuperSecureChat.Network.TCPServerThread.run()V+690
v  ~StubRoutines::call_stub

---------------  P R O C E S S  ---------------

Java Threads: ( => current thread )
  0x000000002b8df800 JavaThread "Thread-14" [_thread_blocked, id=22832, stack(0x0000000052630000,0x0000000052730000)]
  0x000000001f2fa800 JavaThread "SIGINT handler" daemon [_thread_blocked, id=14588, stack(0x0000000052130000,0x0000000052230000)]
=>0x000000002b937000 JavaThread "Thread-155" [_thread_in_native, id=6052, stack(0x0000000051d30000,0x0000000051e30000)]
  0x000000002b92f800 JavaThread "Thread-154" [_thread_blocked, id=24508, stack(0x0000000051c30000,0x0000000051d30000)]
  0x000000002b935000 JavaThread "Thread-153" [_thread_blocked, id=4032, stack(0x0000000051b30000,0x0000000051c30000)]
  0x000000002b936800 JavaThread "Thread-152" [_thread_blocked, id=9760, stack(0x0000000051a30000,0x0000000051b30000)]
  0x000000002b934000 JavaThread "Thread-151" [_thread_blocked, id=25340, stack(0x0000000051930000,0x0000000051a30000)]
  0x000000002b930800 JavaThread "Thread-150" [_thread_blocked, id=9984, stack(0x0000000051830000,0x0000000051930000)]
  0x000000002b933800 JavaThread "Thread-149" [_thread_blocked, id=6932, stack(0x0000000051730000,0x0000000051830000)]
  0x000000002b932800 JavaThread "Thread-148" [_thread_blocked, id=6692, stack(0x0000000051630000,0x0000000051730000)]
  0x000000002b935800 JavaThread "Thread-147" [_thread_blocked, id=13724, stack(0x0000000051530000,0x0000000051630000)]
  0x000000002b932000 JavaThread "Thread-145" [_thread_blocked, id=17008, stack(0x0000000051330000,0x0000000051430000)]
  0x000000002b931000 JavaThread "Thread-144" [_thread_blocked, id=10808, stack(0x0000000051230000,0x0000000051330000)]
  0x000000002b92e000 JavaThread "Thread-143" [_thread_blocked, id=22848, stack(0x0000000051130000,0x0000000051230000)]
  0x000000002b928000 JavaThread "Thread-19" [_thread_in_native, id=1532, stack(0x0000000032c40000,0x0000000032d40000)]
  0x000000002b92c800 JavaThread "Thread-18" [_thread_in_native, id=22540, stack(0x0000000032b40000,0x0000000032c40000)]
  0x000000002b92f000 JavaThread "Thread-17" [_thread_in_native, id=16952, stack(0x0000000032a40000,0x0000000032b40000)]
  0x000000002b929800 JavaThread "Thread-16" [_thread_in_native, id=19296, stack(0x0000000032940000,0x0000000032a40000)]
  0x000000001f2f8800 JavaThread "Thread-15" [_thread_in_native, id=17912, stack(0x0000000032840000,0x0000000032940000)]
  0x000000001f2ff000 JavaThread "AWT-EventQueue-0" [_thread_in_native, id=2200, stack(0x0000000032540000,0x0000000032640000)]
  0x000000001f2fd800 JavaThread "AWT-Shutdown" [_thread_blocked, id=10324, stack(0x0000000032140000,0x0000000032240000)]
  0x000000001f2fb800 JavaThread "Java2D Disposer" daemon [_thread_blocked, id=16832, stack(0x0000000032040000,0x0000000032140000)]
  0x000000001f2fd000 JavaThread "Timer-0" [_thread_blocked, id=20940, stack(0x0000000031f40000,0x0000000032040000)]
  0x0000000020872000 JavaThread "Prism Font Disposer" daemon [_thread_blocked, id=15664, stack(0x00000000299a0000,0x0000000029aa0000)]
  0x00000000205c1800 JavaThread "Thread-3" daemon [_thread_in_native, id=2656, stack(0x0000000027ea0000,0x0000000027fa0000)]
  0x0000000020548000 JavaThread "JavaFX-Launcher" [_thread_blocked, id=7428, stack(0x0000000027fa0000,0x00000000280a0000)]
  0x00000000204a8000 JavaThread "JavaFX Application Thread" [_thread_blocked, id=16468, stack(0x00000000214d0000,0x00000000215d0000)]
  0x00000000204a4800 JavaThread "Thread-1" daemon [_thread_blocked, id=272, stack(0x00000000213d0000,0x00000000214d0000)]
  0x000000001f343800 JavaThread "Service Thread" daemon [_thread_blocked, id=22644, stack(0x0000000020190000,0x0000000020290000)]
  0x000000001f2f9000 JavaThread "C1 CompilerThread3" daemon [_thread_blocked, id=15300, stack(0x0000000020090000,0x0000000020190000)]
  0x000000001f2b3800 JavaThread "C2 CompilerThread2" daemon [_thread_blocked, id=3316, stack(0x000000001ff90000,0x0000000020090000)]
  0x000000001f2b2800 JavaThread "C2 CompilerThread1" daemon [_thread_blocked, id=21008, stack(0x000000001fe90000,0x000000001ff90000)]
  0x000000001f2b0000 JavaThread "C2 CompilerThread0" daemon [_thread_blocked, id=9776, stack(0x000000001fd90000,0x000000001fe90000)]
  0x000000001f199000 JavaThread "JDWP Event Helper Thread" daemon [_thread_blocked, id=23568, stack(0x000000001fb90000,0x000000001fc90000)]
  0x000000001f18b000 JavaThread "Attach Listener" daemon [_thread_blocked, id=18272, stack(0x000000001f990000,0x000000001fa90000)]
  0x000000001f18a000 JavaThread "Signal Dispatcher" daemon [_thread_blocked, id=9548, stack(0x000000001f890000,0x000000001f990000)]
  0x000000000394a000 JavaThread "Finalizer" daemon [_thread_blocked, id=18292, stack(0x000000001f650000,0x000000001f750000)]
  0x000000001f170800 JavaThread "Reference Handler" daemon [_thread_blocked, id=20872, stack(0x000000001f550000,0x000000001f650000)]
  0x0000000003854000 JavaThread "main" [_thread_blocked, id=12584, stack(0x00000000035e0000,0x00000000036e0000)]

Other Threads:
  0x000000001d359800 VMThread [stack: 0x000000001f050000,0x000000001f150000] [id=5632]
  0x000000001f3ac000 WatcherThread [stack: 0x0000000020290000,0x0000000020390000] [id=24488]

VM state:not at safepoint (normal execution)

VM Mutex/Monitor currently owned by a thread: None

heap address: 0x00000006c2400000, size: 4060 MB, Compressed Oops mode: Zero based, Oop shift amount: 3
Narrow klass base: 0x0000000000000000, Narrow klass shift: 3
Compressed class space size: 1073741824 Address: 0x00000007c0000000

Heap:
 PSYoungGen      total 546816K, used 122846K [0x000000076b700000, 0x0000000796c00000, 0x00000007c0000000)
  eden space 518144K, 19% used [0x000000076b700000,0x00000007718e8f80,0x000000078b100000)
  from space 28672K, 78% used [0x000000078b100000,0x000000078c70ebd8,0x000000078cd00000)
  to   space 31232K, 0% used [0x0000000794d80000,0x0000000794d80000,0x0000000796c00000)
 ParOldGen       total 288256K, used 120115K [0x00000006c2400000, 0x00000006d3d80000, 0x000000076b700000)
  object space 288256K, 41% used [0x00000006c2400000,0x00000006c994cf70,0x00000006d3d80000)
 Metaspace       used 31520K, capacity 32768K, committed 33024K, reserved 1077248K
  class space    used 4056K, capacity 4323K, committed 4352K, reserved 1048576K

Card table byte_map: [0x0000000012d10000,0x0000000013500000] byte_map_base: 0x000000000f6fe000

Marking Bits: (ParMarkBitMap*) 0x00000000625a3ce0
 Begin Bits: [0x0000000014250000, 0x00000000181c0000)
 End Bits:   [0x00000000181c0000, 0x000000001c130000)

Polling page: 0x0000000003570000

CodeCache: size=245760Kb used=17880Kb max_used=17944Kb free=227879Kb
 bounds [0x0000000003950000, 0x0000000004af0000, 0x0000000012950000]
 total_blobs=5993 nmethods=5134 adapters=778
 compilation: enabled

Compilation events (10 events):
Event: 70.422 Thread 0x000000001f2f9000 5714       3       java.lang.Long::hashCode (8 bytes)
Event: 70.422 Thread 0x000000001f2f9000 nmethod 5714 0x00000000044f2cd0 code [0x00000000044f2e20, 0x00000000044f2ff0]
Event: 70.422 Thread 0x000000001f2f9000 5715       3       java.lang.Long::hashCode (8 bytes)
Event: 70.422 Thread 0x000000001f2f9000 nmethod 5715 0x00000000044f29d0 code [0x00000000044f2b20, 0x00000000044f2c70]
Event: 70.423 Thread 0x000000001f2f9000 5716       1       java.util.HashMap::afterNodeRemoval (1 bytes)
Event: 70.423 Thread 0x000000001f2f9000 nmethod 5716 0x00000000041e4f90 code [0x00000000041e50e0, 0x00000000041e51f0]
Event: 70.423 Thread 0x000000001f2f9000 5717       3       java.util.HashMap$HashIterator::remove (77 bytes)
Event: 70.424 Thread 0x000000001f2f9000 nmethod 5717 0x00000000041e44d0 code [0x00000000041e46a0, 0x00000000041e4cb8]
Event: 70.424 Thread 0x000000001f2f9000 5718       1       java.lang.Long::longValue (5 bytes)
Event: 70.424 Thread 0x000000001f2f9000 nmethod 5718 0x00000000041e41d0 code [0x00000000041e4320, 0x00000000041e4430]

GC Heap History (10 events):
Event: 10.632 GC heap before
{Heap before GC invocations=13 (full 2):
 PSYoungGen      total 322560K, used 23036K [0x000000076b700000, 0x0000000787a80000, 0x00000007c0000000)
  eden space 299520K, 0% used [0x000000076b700000,0x000000076b700000,0x000000077db80000)
  from space 23040K, 99% used [0x000000077db80000,0x000000077f1ff3c8,0x000000077f200000)
  to   space 30720K, 0% used [0x0000000785c80000,0x0000000785c80000,0x0000000787a80000)
 ParOldGen       total 153088K, used 124085K [0x00000006c2400000, 0x00000006cb980000, 0x000000076b700000)
  object space 153088K, 81% used [0x00000006c2400000,0x00000006c9d2d710,0x00000006cb980000)
 Metaspace       used 29595K, capacity 30680K, committed 30720K, reserved 1075200K
  class space    used 3800K, capacity 4079K, committed 4096K, reserved 1048576K
Event: 10.672 GC heap after
Heap after GC invocations=13 (full 2):
 PSYoungGen      total 322560K, used 0K [0x000000076b700000, 0x0000000787a80000, 0x00000007c0000000)
  eden space 299520K, 0% used [0x000000076b700000,0x000000076b700000,0x000000077db80000)
  from space 23040K, 0% used [0x000000077db80000,0x000000077db80000,0x000000077f200000)
  to   space 30720K, 0% used [0x0000000785c80000,0x0000000785c80000,0x0000000787a80000)
 ParOldGen       total 288256K, used 104506K [0x00000006c2400000, 0x00000006d3d80000, 0x000000076b700000)
  object space 288256K, 36% used [0x00000006c2400000,0x00000006c8a0e800,0x00000006d3d80000)
 Metaspace       used 29595K, capacity 30680K, committed 30720K, reserved 1075200K
  class space    used 3800K, capacity 4079K, committed 4096K, reserved 1048576K
}
Event: 12.574 GC heap before
{Heap before GC invocations=14 (full 2):
 PSYoungGen      total 322560K, used 299424K [0x000000076b700000, 0x0000000787a80000, 0x00000007c0000000)
  eden space 299520K, 99% used [0x000000076b700000,0x000000077db681a8,0x000000077db80000)
  from space 23040K, 0% used [0x000000077db80000,0x000000077db80000,0x000000077f200000)
  to   space 30720K, 0% used [0x0000000785c80000,0x0000000785c80000,0x0000000787a80000)
 ParOldGen       total 288256K, used 104506K [0x00000006c2400000, 0x00000006d3d80000, 0x000000076b700000)
  object space 288256K, 36% used [0x00000006c2400000,0x00000006c8a0e800,0x00000006d3d80000)
 Metaspace       used 30810K, capacity 31994K, committed 32256K, reserved 1077248K
  class space    used 4022K, capacity 4274K, committed 4352K, reserved 1048576K
Event: 12.578 GC heap after
Heap after GC invocations=14 (full 2):
 PSYoungGen      total 432128K, used 6933K [0x000000076b700000, 0x0000000787b00000, 0x00000007c0000000)
  eden space 401408K, 0% used [0x000000076b700000,0x000000076b700000,0x0000000783f00000)
  from space 30720K, 22% used [0x0000000785c80000,0x0000000786345630,0x0000000787a80000)
  to   space 30208K, 0% used [0x0000000783f00000,0x0000000783f00000,0x0000000785c80000)
 ParOldGen       total 288256K, used 104514K [0x00000006c2400000, 0x00000006d3d80000, 0x000000076b700000)
  object space 288256K, 36% used [0x00000006c2400000,0x00000006c8a10800,0x00000006d3d80000)
 Metaspace       used 30810K, capacity 31994K, committed 32256K, reserved 1077248K
  class space    used 4022K, capacity 4274K, committed 4352K, reserved 1048576K
}
Event: 16.613 GC heap before
{Heap before GC invocations=15 (full 2):
 PSYoungGen      total 432128K, used 408197K [0x000000076b700000, 0x0000000787b00000, 0x00000007c0000000)
  eden space 401408K, 99% used [0x000000076b700000,0x0000000783edc1b8,0x0000000783f00000)
  from space 30720K, 22% used [0x0000000785c80000,0x0000000786345630,0x0000000787a80000)
  to   space 30208K, 0% used [0x0000000783f00000,0x0000000783f00000,0x0000000785c80000)
 ParOldGen       total 288256K, used 104514K [0x00000006c2400000, 0x00000006d3d80000, 0x000000076b700000)
  object space 288256K, 36% used [0x00000006c2400000,0x00000006c8a10800,0x00000006d3d80000)
 Metaspace       used 30916K, capacity 32122K, committed 32256K, reserved 1077248K
  class space    used 4024K, capacity 4274K, committed 4352K, reserved 1048576K
Event: 16.619 GC heap after
Heap after GC invocations=15 (full 2):
 PSYoungGen      total 431616K, used 8016K [0x000000076b700000, 0x000000078f100000, 0x00000007c0000000)
  eden space 401408K, 0% used [0x000000076b700000,0x000000076b700000,0x0000000783f00000)
  from space 30208K, 26% used [0x0000000783f00000,0x00000007846d40f0,0x0000000785c80000)
  to   space 29696K, 0% used [0x000000078d400000,0x000000078d400000,0x000000078f100000)
 ParOldGen       total 288256K, used 109946K [0x00000006c2400000, 0x00000006d3d80000, 0x000000076b700000)
  object space 288256K, 38% used [0x00000006c2400000,0x00000006c8f5ea30,0x00000006d3d80000)
 Metaspace       used 30916K, capacity 32122K, committed 32256K, reserved 1077248K
  class space    used 4024K, capacity 4274K, committed 4352K, reserved 1048576K
}
Event: 18.287 GC heap before
{Heap before GC invocations=16 (full 2):
 PSYoungGen      total 431616K, used 409415K [0x000000076b700000, 0x000000078f100000, 0x00000007c0000000)
  eden space 401408K, 99% used [0x000000076b700000,0x0000000783efdce8,0x0000000783f00000)
  from space 30208K, 26% used [0x0000000783f00000,0x00000007846d40f0,0x0000000785c80000)
  to   space 29696K, 0% used [0x000000078d400000,0x000000078d400000,0x000000078f100000)
 ParOldGen       total 288256K, used 109946K [0x00000006c2400000, 0x00000006d3d80000, 0x000000076b700000)
  object space 288256K, 38% used [0x00000006c2400000,0x00000006c8f5ea30,0x00000006d3d80000)
 Metaspace       used 31247K, capacity 32468K, committed 32768K, reserved 1077248K
  class space    used 4033K, capacity 4289K, committed 4352K, reserved 1048576K
Event: 18.296 GC heap after
Heap after GC invocations=16 (full 2):
 PSYoungGen      total 539648K, used 6795K [0x000000076b700000, 0x000000078e900000, 0x00000007c0000000)
  eden space 518144K, 0% used [0x000000076b700000,0x000000076b700000,0x000000078b100000)
  from space 21504K, 31% used [0x000000078d400000,0x000000078daa2f88,0x000000078e900000)
  to   space 28672K, 0% used [0x000000078b100000,0x000000078b100000,0x000000078cd00000)
 ParOldGen       total 288256K, used 115618K [0x00000006c2400000, 0x00000006d3d80000, 0x000000076b700000)
  object space 288256K, 40% used [0x00000006c2400000,0x00000006c94e88d8,0x00000006d3d80000)
 Metaspace       used 31247K, capacity 32468K, committed 32768K, reserved 1077248K
  class space    used 4033K, capacity 4289K, committed 4352K, reserved 1048576K
}
Event: 70.195 GC heap before
{Heap before GC invocations=17 (full 2):
 PSYoungGen      total 539648K, used 524939K [0x000000076b700000, 0x000000078e900000, 0x00000007c0000000)
  eden space 518144K, 100% used [0x000000076b700000,0x000000078b100000,0x000000078b100000)
  from space 21504K, 31% used [0x000000078d400000,0x000000078daa2f88,0x000000078e900000)
  to   space 28672K, 0% used [0x000000078b100000,0x000000078b100000,0x000000078cd00000)
 ParOldGen       total 288256K, used 115618K [0x00000006c2400000, 0x00000006d3d80000, 0x000000076b700000)
  object space 288256K, 40% used [0x00000006c2400000,0x00000006c94e88d8,0x00000006d3d80000)
 Metaspace       used 31402K, capacity 32596K, committed 32768K, reserved 1077248K
  class space    used 4039K, capacity 4289K, committed 4352K, reserved 1048576K
Event: 70.202 GC heap after
Heap after GC invocations=17 (full 2):
 PSYoungGen      total 546816K, used 22586K [0x000000076b700000, 0x0000000796c00000, 0x00000007c0000000)
  eden space 518144K, 0% used [0x000000076b700000,0x000000076b700000,0x000000078b100000)
  from space 28672K, 78% used [0x000000078b100000,0x000000078c70ebd8,0x000000078cd00000)
  to   space 31232K, 0% used [0x0000000794d80000,0x0000000794d80000,0x0000000796c00000)
 ParOldGen       total 288256K, used 120115K [0x00000006c2400000, 0x00000006d3d80000, 0x000000076b700000)
  object space 288256K, 41% used [0x00000006c2400000,0x00000006c994cf70,0x00000006d3d80000)
 Metaspace       used 31402K, capacity 32596K, committed 32768K, reserved 1077248K
  class space    used 4039K, capacity 4289K, committed 4352K, reserved 1048576K
}

Deoptimization events (10 events):
Event: 11.055 Thread 0x00000000204a8000 Uncommon trap: reason=unstable_if action=reinterpret pc=0x0000000003c315fc method=sun.nio.cs.UTF_8$Decoder.decode([BII[C)I @ 30
Event: 11.289 Thread 0x000000002047d000 Uncommon trap: reason=class_check action=maybe_recompile pc=0x00000000044afd58 method=com.sun.prism.d3d.D3DContext.updateShaderTransform(Lcom/sun/prism/ps/Shader;Lcom/sun/javafx/geom/transform/BaseTransform;)V @ 5
Event: 11.302 Thread 0x000000002047d000 Uncommon trap: reason=unstable_if action=reinterpret pc=0x00000000045b6c8c method=com.sun.javafx.geom.transform.AffineBase.translate(DD)V @ 501
Event: 11.507 Thread 0x000000002047d000 Uncommon trap: reason=unstable_if action=reinterpret pc=0x00000000044bf1b4 method=com.sun.prism.impl.ps.BaseShaderContext.updatePerVertexColor(Lcom/sun/prism/paint/Paint;F)V @ 11
Event: 12.151 Thread 0x000000002047d000 Uncommon trap: reason=class_check action=maybe_recompile pc=0x00000000044afd58 method=com.sun.prism.d3d.D3DContext.updateShaderTransform(Lcom/sun/prism/ps/Shader;Lcom/sun/javafx/geom/transform/BaseTransform;)V @ 5
Event: 12.192 Thread 0x00000000204a8000 Uncommon trap: reason=unstable_if action=reinterpret pc=0x0000000003c43a14 method=java.util.ArrayList.indexOf(Ljava/lang/Object;)I @ 1
Event: 16.665 Thread 0x00000000204a8000 Uncommon trap: reason=unstable_if action=reinterpret pc=0x00000000045baff0 method=javafx.scene.Parent.setChildDirty(Ljavafx/scene/Node;Z)V @ 22
Event: 16.984 Thread 0x00000000204a8000 Uncommon trap: reason=null_check action=make_not_entrant pc=0x00000000048b9ec8 method=javafx.fxml.FXMLLoader$SupportedType$6.methodIsOfType(Ljava/lang/reflect/Method;)Z @ 17
Event: 17.072 Thread 0x00000000204a8000 Uncommon trap: reason=null_check action=make_not_entrant pc=0x00000000048e0278 method=javafx.fxml.FXMLLoader$SupportedType$2.methodIsOfType(Ljava/lang/reflect/Method;)Z @ 17
Event: 70.330 Thread 0x000000001f18a000 Uncommon trap: reason=bimorphic action=maybe_recompile pc=0x00000000046e86f4 method=java.util.Hashtable.get(Ljava/lang/Object;)Ljava/lang/Object; @ 6

Classes redefined (0 events):
No events

Internal exceptions (10 events):
Event: 10.754 Thread 0x00000000204a8000 Exception <a 'java/io/FileNotFoundException'> (0x000000076cf670e8) thrown at [C:\workspace\8-2-build-windows-amd64-cygwin\jdk8u192\11897\hotspot\src\share\vm\prims\jni.cpp, line 709]
Event: 10.757 Thread 0x00000000204a8000 Exception <a 'java/io/FileNotFoundException'> (0x000000076cf6d110) thrown at [C:\workspace\8-2-build-windows-amd64-cygwin\jdk8u192\11897\hotspot\src\share\vm\prims\jni.cpp, line 709]
Event: 10.758 Thread 0x00000000204a8000 Exception <a 'java/io/FileNotFoundException'> (0x000000076cf6e7c8) thrown at [C:\workspace\8-2-build-windows-amd64-cygwin\jdk8u192\11897\hotspot\src\share\vm\prims\jni.cpp, line 709]
Event: 10.846 Thread 0x00000000204a8000 Exception <a 'java/lang/NoSuchMethodError': java.lang.Object.lambda$comparingLong$6043328a$1(Ljava/util/function/ToLongFunction;Ljava/lang/Object;Ljava/lang/Object;)I> (0x000000076d652b60) thrown at [C:\workspace\8-2-build-windows-amd64-cygwin\jdk8u192\11
Event: 11.091 Thread 0x00000000204a8000 Exception <a 'java/io/FileNotFoundException'> (0x000000076f1f1078) thrown at [C:\workspace\8-2-build-windows-amd64-cygwin\jdk8u192\11897\hotspot\src\share\vm\prims\jni.cpp, line 709]
Event: 11.092 Thread 0x00000000204a8000 Exception <a 'java/io/FileNotFoundException'> (0x000000076f1f2748) thrown at [C:\workspace\8-2-build-windows-amd64-cygwin\jdk8u192\11897\hotspot\src\share\vm\prims\jni.cpp, line 709]
Event: 11.094 Thread 0x00000000204a8000 Exception <a 'java/io/FileNotFoundException'> (0x000000076f1f3e58) thrown at [C:\workspace\8-2-build-windows-amd64-cygwin\jdk8u192\11897\hotspot\src\share\vm\prims\jni.cpp, line 709]
Event: 11.095 Thread 0x00000000204a8000 Exception <a 'java/io/FileNotFoundException'> (0x000000076f1f5510) thrown at [C:\workspace\8-2-build-windows-amd64-cygwin\jdk8u192\11897\hotspot\src\share\vm\prims\jni.cpp, line 709]
Event: 35.830 Thread 0x000000002b928000 Exception <a 'java/net/SocketTimeoutException': Receive timed out> (0x000000077d857418) thrown at [C:\workspace\8-2-build-windows-amd64-cygwin\jdk8u192\11897\hotspot\src\share\vm\prims\jni.cpp, line 735]
Event: 70.339 Thread 0x000000002b92b000 Exception <a 'java/lang/IllegalStateException'> (0x000000076fed8e08) thrown at [C:\workspace\8-2-build-windows-amd64-cygwin\jdk8u192\11897\hotspot\src\share\vm\prims\jvm.cpp, line 1439]

Events (10 events):
Event: 70.430 Thread 0x000000002b8da800 Thread exited: 0x000000002b8da800
Event: 70.430 loading class java/sql/SQLWarning
Event: 70.430 loading class java/sql/SQLWarning done
Event: 70.430 Thread 0x000000001f2fa000 DEOPT PACKING pc=0x0000000003c19b3c sp=0x0000000051f2eef0
Event: 70.430 Thread 0x000000001f2fa000 DEOPT UNPACKING pc=0x0000000003997890 sp=0x0000000051f2ec70 mode 1
Event: 70.430 Thread 0x000000001f2fa000 DEOPT PACKING pc=0x0000000003b50004 sp=0x0000000051f2efa0
Event: 70.430 Thread 0x000000001f2fa000 DEOPT UNPACKING pc=0x0000000003997890 sp=0x0000000051f2ed28 mode 1
Event: 70.430 Thread 0x000000001f2fa000 DEOPT PACKING pc=0x000000000486b16c sp=0x0000000051f2f230
Event: 70.430 Thread 0x000000001f2fa000 DEOPT UNPACKING pc=0x0000000003997890 sp=0x0000000051f2ef30 mode 1
Event: 70.430 loading class java/lang/Throwable$WrappedPrintStream


Dynamic libraries:
0x00007ff66c2f0000 - 0x00007ff66c327000 	C:\Program Files\Java\jdk1.8.0_192\bin\java.exe
0x00007ffc3e160000 - 0x00007ffc3e34d000 	C:\WINDOWS\SYSTEM32\ntdll.dll
0x00007ffc3c270000 - 0x00007ffc3c323000 	C:\WINDOWS\System32\KERNEL32.DLL
0x00007ffc3ad50000 - 0x00007ffc3afe3000 	C:\WINDOWS\System32\KERNELBASE.dll
0x00007ffc3b7b0000 - 0x00007ffc3b853000 	C:\WINDOWS\System32\ADVAPI32.dll
0x00007ffc3b710000 - 0x00007ffc3b7ae000 	C:\WINDOWS\System32\msvcrt.dll
0x00007ffc3bca0000 - 0x00007ffc3bd3e000 	C:\WINDOWS\System32\sechost.dll
0x00007ffc3c8d0000 - 0x00007ffc3c9f2000 	C:\WINDOWS\System32\RPCRT4.dll
0x00007ffc3b860000 - 0x00007ffc3b9f7000 	C:\WINDOWS\System32\USER32.dll
0x00007ffc3ab30000 - 0x00007ffc3ab50000 	C:\WINDOWS\System32\win32u.dll
0x00007ffc3b6e0000 - 0x00007ffc3b709000 	C:\WINDOWS\System32\GDI32.dll
0x00007ffc3abb0000 - 0x00007ffc3ad49000 	C:\WINDOWS\System32\gdi32full.dll
0x00007ffc3a220000 - 0x00007ffc3a2c0000 	C:\WINDOWS\System32\msvcp_win.dll
0x00007ffc3aa30000 - 0x00007ffc3ab2a000 	C:\WINDOWS\System32\ucrtbase.dll
0x00007ffc1d410000 - 0x00007ffc1d689000 	C:\WINDOWS\WinSxS\amd64_microsoft.windows.common-controls_6595b64144ccf1df_6.0.17763.719_none_05b84458071c8757\COMCTL32.dll
0x00007ffc3bf30000 - 0x00007ffc3c25c000 	C:\WINDOWS\System32\combase.dll
0x00007ffc3b120000 - 0x00007ffc3b19e000 	C:\WINDOWS\System32\bcryptPrimitives.dll
0x00007ffc3e100000 - 0x00007ffc3e12e000 	C:\WINDOWS\System32\IMM32.DLL
0x00007ffc343c0000 - 0x00007ffc3456a000 	C:\WINDOWS\system32\tmumh\20019\AddOn\8.20.0.1026\TmUmEvt64.dll
0x00007ffc3ca20000 - 0x00007ffc3ca28000 	C:\WINDOWS\System32\PSAPI.DLL
0x00007ffc3e0a0000 - 0x00007ffc3e0f2000 	C:\WINDOWS\System32\SHLWAPI.dll
0x0000000065250000 - 0x00000000653b6000 	C:\WINDOWS\system32\tmumh\20019\TmMon\2.7.3.1020\tmmon64.dll
0x0000000060df0000 - 0x0000000060ec1000 	C:\Program Files\Java\jdk1.8.0_192\jre\bin\msvcr100.dll
0x0000000061d80000 - 0x0000000062623000 	C:\Program Files\Java\jdk1.8.0_192\jre\bin\server\jvm.dll
0x00007ffc21610000 - 0x00007ffc21619000 	C:\WINDOWS\SYSTEM32\WSOCK32.dll
0x00007ffc3c3e0000 - 0x00007ffc3c44d000 	C:\WINDOWS\System32\WS2_32.dll
0x00007ffc34da0000 - 0x00007ffc34dc4000 	C:\WINDOWS\SYSTEM32\WINMM.dll
0x00007ffc339e0000 - 0x00007ffc339ea000 	C:\WINDOWS\SYSTEM32\VERSION.dll
0x00007ffc34d70000 - 0x00007ffc34d9d000 	C:\WINDOWS\SYSTEM32\WINMMBASE.dll
0x00007ffc3b0d0000 - 0x00007ffc3b11a000 	C:\WINDOWS\System32\cfgmgr32.dll
0x00007ffc35610000 - 0x00007ffc3561f000 	C:\Program Files\Java\jdk1.8.0_192\jre\bin\verify.dll
0x00007ffc32400000 - 0x00007ffc32429000 	C:\Program Files\Java\jdk1.8.0_192\jre\bin\java.dll
0x00007ffc13a00000 - 0x00007ffc13a35000 	C:\Program Files\Java\jdk1.8.0_192\jre\bin\jdwp.dll
0x00007ffc34e60000 - 0x00007ffc34e68000 	C:\Program Files\Java\jdk1.8.0_192\jre\bin\npt.dll
0x00007ffc225b0000 - 0x00007ffc225d3000 	C:\Program Files\Java\jdk1.8.0_192\jre\bin\instrument.dll
0x00007ffc323e0000 - 0x00007ffc323f6000 	C:\Program Files\Java\jdk1.8.0_192\jre\bin\zip.dll
0x00007ffc3ca40000 - 0x00007ffc3df32000 	C:\WINDOWS\System32\SHELL32.dll
0x00007ffc3c330000 - 0x00007ffc3c3d8000 	C:\WINDOWS\System32\shcore.dll
0x00007ffc3a2e0000 - 0x00007ffc3aa2a000 	C:\WINDOWS\System32\windows.storage.dll
0x00007ffc3a1d0000 - 0x00007ffc3a1f4000 	C:\WINDOWS\System32\profapi.dll
0x00007ffc3a170000 - 0x00007ffc3a1cd000 	C:\WINDOWS\System32\powrprof.dll
0x00007ffc3a150000 - 0x00007ffc3a161000 	C:\WINDOWS\System32\kernel.appcore.dll
0x00007ffc3a2c0000 - 0x00007ffc3a2d7000 	C:\WINDOWS\System32\cryptsp.dll
0x00007ffc34ac0000 - 0x00007ffc34ac9000 	C:\Program Files\Java\jdk1.8.0_192\jre\bin\dt_socket.dll
0x00007ffc399c0000 - 0x00007ffc39a27000 	C:\WINDOWS\system32\mswsock.dll
0x0000000020b90000 - 0x0000000020b93000 	C:\Program Files\Java\jdk1.8.0_192\jre\bin\api-ms-win-core-console-l1-1-0.dll
0x0000000020ba0000 - 0x0000000020ba3000 	C:\Program Files\Java\jdk1.8.0_192\jre\bin\api-ms-win-core-datetime-l1-1-0.dll
0x0000000020bb0000 - 0x0000000020bb3000 	C:\Program Files\Java\jdk1.8.0_192\jre\bin\api-ms-win-core-debug-l1-1-0.dll
0x0000000020bc0000 - 0x0000000020bc3000 	C:\Program Files\Java\jdk1.8.0_192\jre\bin\api-ms-win-core-errorhandling-l1-1-0.dll
0x0000000020bd0000 - 0x0000000020bd4000 	C:\Program Files\Java\jdk1.8.0_192\jre\bin\api-ms-win-core-file-l1-1-0.dll
0x0000000020be0000 - 0x0000000020be3000 	C:\Program Files\Java\jdk1.8.0_192\jre\bin\api-ms-win-core-file-l1-2-0.dll
0x0000000020bf0000 - 0x0000000020bf3000 	C:\Program Files\Java\jdk1.8.0_192\jre\bin\api-ms-win-core-file-l2-1-0.dll
0x0000000020c00000 - 0x0000000020c03000 	C:\Program Files\Java\jdk1.8.0_192\jre\bin\api-ms-win-core-handle-l1-1-0.dll
0x0000000020c10000 - 0x0000000020c13000 	C:\Program Files\Java\jdk1.8.0_192\jre\bin\api-ms-win-core-heap-l1-1-0.dll
0x0000000020c20000 - 0x0000000020c23000 	C:\Program Files\Java\jdk1.8.0_192\jre\bin\api-ms-win-core-interlocked-l1-1-0.dll
0x0000000020c30000 - 0x0000000020c33000 	C:\Program Files\Java\jdk1.8.0_192\jre\bin\api-ms-win-core-libraryloader-l1-1-0.dll
0x0000000020c40000 - 0x0000000020c43000 	C:\Program Files\Java\jdk1.8.0_192\jre\bin\api-ms-win-core-localization-l1-2-0.dll
0x0000000020c50000 - 0x0000000020c53000 	C:\Program Files\Java\jdk1.8.0_192\jre\bin\api-ms-win-core-memory-l1-1-0.dll
0x0000000020c60000 - 0x0000000020c63000 	C:\Program Files\Java\jdk1.8.0_192\jre\bin\api-ms-win-core-namedpipe-l1-1-0.dll
0x0000000020c70000 - 0x0000000020c73000 	C:\Program Files\Java\jdk1.8.0_192\jre\bin\api-ms-win-core-processenvironment-l1-1-0.dll
0x0000000020c80000 - 0x0000000020c83000 	C:\Program Files\Java\jdk1.8.0_192\jre\bin\api-ms-win-core-processthreads-l1-1-0.dll
0x0000000020c90000 - 0x0000000020c93000 	C:\Program Files\Java\jdk1.8.0_192\jre\bin\api-ms-win-core-processthreads-l1-1-1.dll
0x0000000020ca0000 - 0x0000000020ca3000 	C:\Program Files\Java\jdk1.8.0_192\jre\bin\api-ms-win-core-profile-l1-1-0.dll
0x0000000020cb0000 - 0x0000000020cb3000 	C:\Program Files\Java\jdk1.8.0_192\jre\bin\api-ms-win-core-rtlsupport-l1-1-0.dll
0x0000000020cc0000 - 0x0000000020cc3000 	C:\Program Files\Java\jdk1.8.0_192\jre\bin\api-ms-win-core-string-l1-1-0.dll
0x0000000020cd0000 - 0x0000000020cd3000 	C:\Program Files\Java\jdk1.8.0_192\jre\bin\api-ms-win-core-synch-l1-1-0.dll
0x0000000020ce0000 - 0x0000000020ce3000 	C:\Program Files\Java\jdk1.8.0_192\jre\bin\api-ms-win-core-synch-l1-2-0.dll
0x0000000020cf0000 - 0x0000000020cf3000 	C:\Program Files\Java\jdk1.8.0_192\jre\bin\api-ms-win-core-sysinfo-l1-1-0.dll
0x0000000020d00000 - 0x0000000020d03000 	C:\Program Files\Java\jdk1.8.0_192\jre\bin\api-ms-win-core-timezone-l1-1-0.dll
0x0000000020d10000 - 0x0000000020d13000 	C:\Program Files\Java\jdk1.8.0_192\jre\bin\api-ms-win-core-util-l1-1-0.dll
0x0000000020d20000 - 0x0000000020d23000 	C:\Program Files\Java\jdk1.8.0_192\jre\bin\api-ms-win-crt-conio-l1-1-0.dll
0x0000000020d30000 - 0x0000000020d34000 	C:\Program Files\Java\jdk1.8.0_192\jre\bin\api-ms-win-crt-convert-l1-1-0.dll
0x0000000020d40000 - 0x0000000020d43000 	C:\Program Files\Java\jdk1.8.0_192\jre\bin\api-ms-win-crt-environment-l1-1-0.dll
0x0000000020d50000 - 0x0000000020d53000 	C:\Program Files\Java\jdk1.8.0_192\jre\bin\api-ms-win-crt-filesystem-l1-1-0.dll
0x0000000020d60000 - 0x0000000020d63000 	C:\Program Files\Java\jdk1.8.0_192\jre\bin\api-ms-win-crt-heap-l1-1-0.dll
0x0000000020d70000 - 0x0000000020d73000 	C:\Program Files\Java\jdk1.8.0_192\jre\bin\api-ms-win-crt-locale-l1-1-0.dll
0x0000000020d80000 - 0x0000000020d85000 	C:\Program Files\Java\jdk1.8.0_192\jre\bin\api-ms-win-crt-math-l1-1-0.dll
0x0000000020d90000 - 0x0000000020d95000 	C:\Program Files\Java\jdk1.8.0_192\jre\bin\api-ms-win-crt-multibyte-l1-1-0.dll
0x0000000020da0000 - 0x0000000020db0000 	C:\Program Files\Java\jdk1.8.0_192\jre\bin\api-ms-win-crt-private-l1-1-0.dll
0x0000000020db0000 - 0x0000000020db3000 	C:\Program Files\Java\jdk1.8.0_192\jre\bin\api-ms-win-crt-process-l1-1-0.dll
0x0000000020dc0000 - 0x0000000020dc4000 	C:\Program Files\Java\jdk1.8.0_192\jre\bin\api-ms-win-crt-runtime-l1-1-0.dll
0x0000000020dd0000 - 0x0000000020dd4000 	C:\Program Files\Java\jdk1.8.0_192\jre\bin\api-ms-win-crt-stdio-l1-1-0.dll
0x0000000020de0000 - 0x0000000020de4000 	C:\Program Files\Java\jdk1.8.0_192\jre\bin\api-ms-win-crt-string-l1-1-0.dll
0x0000000020df0000 - 0x0000000020df3000 	C:\Program Files\Java\jdk1.8.0_192\jre\bin\api-ms-win-crt-time-l1-1-0.dll
0x0000000020e00000 - 0x0000000020e03000 	C:\Program Files\Java\jdk1.8.0_192\jre\bin\api-ms-win-crt-utility-l1-1-0.dll
0x00007ffc06e00000 - 0x00007ffc06ef6000 	C:\Program Files\Java\jdk1.8.0_192\jre\bin\ucrtbase.dll
0x00007ffc27ee0000 - 0x00007ffc27ef6000 	C:\Program Files\Java\jdk1.8.0_192\jre\bin\vcruntime140.dll
0x00007ffc233e0000 - 0x00007ffc2347c000 	C:\Program Files\Java\jdk1.8.0_192\jre\bin\msvcp140.dll
0x00007ffc13b70000 - 0x00007ffc13bc1000 	C:\Program Files\Java\jdk1.8.0_192\jre\bin\concrt140.dll
0x00007ffc25860000 - 0x00007ffc25883000 	C:\Program Files\Java\jdk1.8.0_192\jre\bin\prism_d3d.dll
0x00007ffbf4de0000 - 0x00007ffbf4f7e000 	C:\WINDOWS\system32\d3d9.dll
0x00007ffc387f0000 - 0x00007ffc3881e000 	C:\WINDOWS\SYSTEM32\dwmapi.dll
0x00007ffc3b1a0000 - 0x00007ffc3b37b000 	C:\WINDOWS\System32\CRYPT32.dll
0x00007ffc3a200000 - 0x00007ffc3a212000 	C:\WINDOWS\System32\MSASN1.dll
0x00007ffc384f0000 - 0x00007ffc3858c000 	C:\WINDOWS\system32\uxtheme.dll
0x00007ffc3df40000 - 0x00007ffc3e095000 	C:\WINDOWS\System32\OLE32.dll
0x00007ffc3bbd0000 - 0x00007ffc3bc94000 	C:\WINDOWS\System32\OLEAUT32.dll
0x00007ffc13a40000 - 0x00007ffc13a89000 	C:\Program Files\Java\jdk1.8.0_192\jre\bin\glass.dll
0x00007ffc3b380000 - 0x00007ffc3b4a7000 	C:\WINDOWS\System32\COMDLG32.dll
0x00007ffc3ba60000 - 0x00007ffc3bbcb000 	C:\WINDOWS\System32\MSCTF.dll
0x00007ffc26550000 - 0x00007ffc26564000 	C:\Program Files\Java\jdk1.8.0_192\jre\bin\javafx_font.dll
0x00007ffc26230000 - 0x00007ffc2652c000 	C:\WINDOWS\SYSTEM32\dwrite.dll
0x00007ffc39540000 - 0x00007ffc39573000 	C:\WINDOWS\system32\rsaenh.dll
0x00007ffc3aff0000 - 0x00007ffc3b016000 	C:\WINDOWS\System32\bcrypt.dll
0x00007ffc3a050000 - 0x00007ffc3a078000 	C:\WINDOWS\SYSTEM32\USERENV.dll
0x00007ffc39b90000 - 0x00007ffc39b9c000 	C:\WINDOWS\SYSTEM32\CRYPTBASE.dll
0x00007ffc2d430000 - 0x00007ffc2d44a000 	C:\Program Files\Java\jdk1.8.0_192\jre\bin\net.dll
0x00007ffc396e0000 - 0x00007ffc3971d000 	C:\WINDOWS\SYSTEM32\IPHLPAPI.DLL
0x00007ffc3c260000 - 0x00007ffc3c268000 	C:\WINDOWS\System32\NSI.dll
0x00007ffc35840000 - 0x00007ffc35856000 	C:\WINDOWS\SYSTEM32\dhcpcsvc6.DLL
0x00007ffc35820000 - 0x00007ffc3583c000 	C:\WINDOWS\SYSTEM32\dhcpcsvc.DLL
0x00007ffc39720000 - 0x00007ffc397e6000 	C:\WINDOWS\SYSTEM32\DNSAPI.dll
0x00007ffc3bda0000 - 0x00007ffc3be42000 	C:\WINDOWS\System32\clbcatq.dll
0x00007ffc31c00000 - 0x00007ffc31db8000 	C:\WINDOWS\SYSTEM32\WindowsCodecs.dll
0x00007ffc20eb0000 - 0x00007ffc20f06000 	C:\WINDOWS\system32\dataexchange.dll
0x00007ffc365f0000 - 0x00007ffc3686e000 	C:\WINDOWS\system32\d3d11.dll
0x00007ffc36e30000 - 0x00007ffc36ff3000 	C:\WINDOWS\system32\dcomp.dll
0x00007ffc38eb0000 - 0x00007ffc38f72000 	C:\WINDOWS\system32\dxgi.dll
0x00007ffc388d0000 - 0x00007ffc38add000 	C:\WINDOWS\system32\twinapi.appcore.dll
0x00007ffc38ae0000 - 0x00007ffc38b08000 	C:\WINDOWS\system32\RMCLIENT.dll
0x00007ffc138b0000 - 0x00007ffc138e3000 	C:\Program Files\Common Files\Microsoft Shared\Ink\rtscom.dll
0x00007ffc33ee0000 - 0x00007ffc33f75000 	C:\WINDOWS\System32\TextInputFramework.dll
0x00007ffc31ed0000 - 0x00007ffc321f2000 	C:\WINDOWS\System32\CoreUIComponents.dll
0x00007ffc37380000 - 0x00007ffc37462000 	C:\WINDOWS\System32\CoreMessaging.dll
0x00007ffc39160000 - 0x00007ffc39191000 	C:\WINDOWS\SYSTEM32\ntmarta.dll
0x00007ffc37470000 - 0x00007ffc375c3000 	C:\WINDOWS\SYSTEM32\wintypes.dll
0x00007ffc28460000 - 0x00007ffc28471000 	C:\Program Files\Java\jdk1.8.0_192\jre\bin\nio.dll
0x00007ffc0c090000 - 0x00007ffc0c0d1000 	C:\Users\schneiderph\AppData\Local\Temp\jna-885923695\jna2797740114934382036.dll

VM Arguments:
jvm_args: -agentlib:jdwp=transport=dt_socket,address=127.0.0.1:62839,suspend=y,server=n -javaagent:C:\Users\schneiderph\.IntelliJIdea2019.2\system\captureAgent\debugger-agent.jar -Dfile.encoding=UTF-8 
java_command: SuperSecureChat.Main
java_class_path (initial): C:\Program Files\Java\jdk1.8.0_192\jre\lib\charsets.jar;C:\Program Files\Java\jdk1.8.0_192\jre\lib\deploy.jar;C:\Program Files\Java\jdk1.8.0_192\jre\lib\ext\access-bridge-64.jar;C:\Program Files\Java\jdk1.8.0_192\jre\lib\ext\cldrdata.jar;C:\Program Files\Java\jdk1.8.0_192\jre\lib\ext\dnsns.jar;C:\Program Files\Java\jdk1.8.0_192\jre\lib\ext\jaccess.jar;C:\Program Files\Java\jdk1.8.0_192\jre\lib\ext\jfxrt.jar;C:\Program Files\Java\jdk1.8.0_192\jre\lib\ext\localedata.jar;C:\Program Files\Java\jdk1.8.0_192\jre\lib\ext\nashorn.jar;C:\Program Files\Java\jdk1.8.0_192\jre\lib\ext\sunec.jar;C:\Program Files\Java\jdk1.8.0_192\jre\lib\ext\sunjce_provider.jar;C:\Program Files\Java\jdk1.8.0_192\jre\lib\ext\sunmscapi.jar;C:\Program Files\Java\jdk1.8.0_192\jre\lib\ext\sunpkcs11.jar;C:\Program Files\Java\jdk1.8.0_192\jre\lib\ext\zipfs.jar;C:\Program Files\Java\jdk1.8.0_192\jre\lib\javaws.jar;C:\Program Files\Java\jdk1.8.0_192\jre\lib\jce.jar;C:\Program Files\Java\jdk1.8.0_192\jre\lib\jfr.jar;C:\Program Files\Java\jdk1.8.0_192\jre\lib\jfxswt.jar;C:\Program Files\Java\jdk1.8.0_192\jre\lib\jsse.jar;C:\Program Files\Java\jdk1.8.0_192\jre\lib\management-agent.jar;C:\Program Files\Java\jdk1.8.0_192\jre\lib\plugin.jar;C:\Program Files\Java\jdk1.8.0_192\jre\lib\resources.jar;C:\Program Files\Java\jdk1.8.0_192\jre\lib\rt.jar;C:\Users\schneiderph\IdeaProjects\SuperSecureChat\target\classes;C:\Users\schneiderph\IdeaProjects\SuperSecureChat\src\SuperSecureChat\lib\jfoenix-8.0.8.jar;C:\Users\schneiderph\.m2\repository\net\java\dev\jna\jna\5.4.0\jna-5.4.0.jar;C:\Users\schneiderph\.m2\repository\net\java\dev\jna\jna-platform\4.0.0\jna-platform-4.0.0.jar;C:\Users\schneiderph\.m2\repository\org\xerial\sqlite-jdbc\3.28.0\sqlite-jdbc-3.28.0.jar;C:\Users\schneiderph\.m2\repository\com\googlecode\json-simple\json-simple\1.1.1\json-simple-1.1.1.jar;C:\Users\schneiderph\.m2\repository\junit\junit\4.10\junit-4.10.jar;C:\Users\schneiderph\.m2\repository\org\hamcrest\hamcrest-co
Launcher Type: SUN_STANDARD

Environment Variables:
JAVA_HOME=C:\Program Files\Java\jdk1.8.0_192\
PATH=C:\Program Files (x86)\Common Files\Oracle\Java\javapath;C:\Program Files (x86)\Intel\iCLS Client\;C:\Program Files\Intel\iCLS Client\;C:\WINDOWS\system32;C:\WINDOWS;C:\WINDOWS\System32\Wbem;C:\WINDOWS\System32\WindowsPowerShell\v1.0\;C:\Program Files (x86)\Intel\Intel(R) Management Engine Components\DAL;C:\Program Files\Intel\Intel(R) Management Engine Components\DAL;C:\Program Files (x86)\Intel\Intel(R) Management Engine Components\IPT;C:\Program Files\Intel\Intel(R) Management Engine Components\IPT;C:\WINDOWS\System32\OpenSSH\;C:\Program Files\Gource\cmd;C:\Gradle\bin;C:\Program Files\Java\jdk1.8.0_192\bin;C:\Program Files\Intel\WiFi\bin\;C:\Program Files\Common Files\Intel\WirelessCommon\;C:\cygwin64\bin;C:\Program Files\Git\cmd;C:\Python27;C:\Program Files\graalvm-ce-19.2.0\bin;C:\Program Files (x86)\Common Files\Oracle\Java\javapath;C:\Program Files (x86)\Intel\iCLS Client\;C:\Program Files\Intel\iCLS Client\;C:\WINDOWS\system32;C:\WINDOWS;C:\WINDOWS\System32\Wbem;C:\WINDOWS\System32\WindowsPowerShell\v1.0\;C:\Program Files (x86)\Intel\Intel(R) Management Engine Components\DAL;C:\Program Files\Intel\Intel(R) Management Engine Components\DAL;C:\Program Files (x86)\Intel\Intel(R) Management Engine Components\IPT;C:\Program Files\Intel\Intel(R) Management Engine Components\IPT;C:\WINDOWS\System32\OpenSSH\;C:\Program Files\Git\cmd;C:\Program Files\Gource\cmd;C:\Gradle\bin;C:\Program Files\Java\jdk1.8.0_192\bin;C:\Program Files\Intel\WiFi\bin\;C:\Program Files\Common Files\Intel\WirelessCommon\;C:\Program Files\MySQL\MySQL Shell 8.0\bin\;C:\Program Files\MySQL\MySQL Server 8.0\bin;C:\Program Files\Docker Toolbox
USERNAME=Schneiderph
OS=Windows_NT
PROCESSOR_IDENTIFIER=Intel64 Family 6 Model 142 Stepping 10, GenuineIntel



---------------  S Y S T E M  ---------------

OS: Windows 10.0 , 64 bit Build 17763 (10.0.17763.475)

CPU:total 8 (initial active 8) (4 cores per cpu, 2 threads per core) family 6 model 142 stepping 10, cmov, cx8, fxsr, mmx, sse, sse2, sse3, ssse3, sse4.1, sse4.2, popcnt, avx, avx2, aes, clmul, erms, 3dnowpref, lzcnt, ht, tsc, tscinvbit, bmi1, bmi2, adx

Memory: 4k page, physical 16623604k(7233444k free), swap 19964520k(5086132k free)

vm_info: Java HotSpot(TM) 64-Bit Server VM (25.192-b12) for windows-amd64 JRE (1.8.0_192-b12), built on Oct  6 2018 17:12:23 by "java_re" with MS VC++ 10.0 (VS2010)

time: Mon Sep 09 15:24:55 2019
timezone: Mitteleuropäische Sommerzeit
elapsed time: 70 seconds (0d 0h 1m 10s)

